<?xml version="1.0" encoding="UTF-8"?>
<coverage generated="1573803071531" clover="3.2.0">
  <project timestamp="1573803071531" name="All files">
    <metrics statements="29" coveredstatements="26" conditionals="6" coveredconditionals="6" methods="6" coveredmethods="5" elements="41" coveredelements="37" complexity="0" loc="29" ncloc="29" packages="5" files="5" classes="5"/>
    <package name="GreenThumb">
      <metrics statements="5" coveredstatements="4" conditionals="6" coveredconditionals="6" methods="2" coveredmethods="1"/>
      <file name="App.js" path="/Users/jonqnelson/workspace/iter2/GreenThumb/App.js">
        <metrics statements="5" coveredstatements="4" conditionals="6" coveredconditionals="6" methods="2" coveredmethods="1"/>
        <line num="11" count="3" type="stmt"/>
        <line num="13" count="3" type="cond" truecount="4" falsecount="0"/>
        <line num="14" count="2" type="stmt"/>
        <line num="18" count="0" type="stmt"/>
        <line num="22" count="1" type="stmt"/>
      </file>
    </package>
    <package name="GreenThumb.components">
      <metrics statements="1" coveredstatements="1" conditionals="0" coveredconditionals="0" methods="1" coveredmethods="1"/>
      <file name="StyledText.js" path="/Users/jonqnelson/workspace/iter2/GreenThumb/components/StyledText.js">
        <metrics statements="1" coveredstatements="1" conditionals="0" coveredconditionals="0" methods="1" coveredmethods="1"/>
        <line num="5" count="1" type="stmt"/>
      </file>
    </package>
    <package name="GreenThumb.images">
      <metrics statements="1" coveredstatements="1" conditionals="0" coveredconditionals="0" methods="0" coveredmethods="0"/>
      <file name="green-tea.png" path="/Users/jonqnelson/workspace/iter2/GreenThumb/images/green-tea.png">
        <metrics statements="1" coveredstatements="1" conditionals="0" coveredconditionals="0" methods="0" coveredmethods="0"/>
        <line num="1" count="1" type="stmt"/>
      </file>
    </package>
    <package name="GreenThumb.screens">
      <metrics statements="1" coveredstatements="1" conditionals="0" coveredconditionals="0" methods="0" coveredmethods="0"/>
      <file name="SSignUpScreen.js" path="/Users/jonqnelson/workspace/iter2/GreenThumb/screens/SSignUpScreen.js">
        <metrics statements="1" coveredstatements="1" conditionals="0" coveredconditionals="0" methods="0" coveredmethods="0"/>
        <line num="175" count="1" type="stmt"/>
      </file>
    </package>
    <package name="GreenThumb.services">
      <metrics statements="21" coveredstatements="19" conditionals="0" coveredconditionals="0" methods="3" coveredmethods="3"/>
      <file name="Api.js" path="/Users/jonqnelson/workspace/iter2/GreenThumb/services/Api.js">
        <metrics statements="21" coveredstatements="19" conditionals="0" coveredconditionals="0" methods="3" coveredmethods="3"/>
        <line num="3" count="1" type="stmt"/>
        <line num="4" count="3" type="stmt"/>
        <line num="9" count="3" type="stmt"/>
        <line num="10" count="3" type="stmt"/>
        <line num="15" count="3" type="stmt"/>
        <line num="16" count="3" type="stmt"/>
        <line num="17" count="1" type="stmt"/>
        <line num="23" count="3" type="stmt"/>
        <line num="27" count="1" type="stmt"/>
        <line num="28" count="2" type="stmt"/>
        <line num="33" count="2" type="stmt"/>
        <line num="34" count="2" type="stmt"/>
        <line num="39" count="2" type="stmt"/>
        <line num="42" count="1" type="stmt"/>
        <line num="43" count="0" type="stmt"/>
        <line num="45" count="2" type="stmt"/>
        <line num="49" count="1" type="stmt"/>
        <line num="50" count="3" type="stmt"/>
        <line num="53" count="1" type="stmt"/>
        <line num="54" count="0" type="stmt"/>
        <line num="56" count="3" type="stmt"/>
      </file>
    </package>
  </project>
</coverage>
