<?xml version="1.0" encoding="UTF-8"?>
<coverage generated="1575488992436" clover="3.2.0">
  <project timestamp="1575488992436" name="All files">
    <metrics statements="27" coveredstatements="25" conditionals="8" coveredconditionals="8" methods="11" coveredmethods="8" elements="46" coveredelements="41" complexity="0" loc="27" ncloc="27" packages="5" files="9" classes="9"/>
    <package name="GreenThumb">
      <metrics statements="5" coveredstatements="4" conditionals="6" coveredconditionals="6" methods="2" coveredmethods="1"/>
      <file name="App.js" path="/Users/jonqnelson/workspace/iter2/GreenThumb/App.js">
        <metrics statements="5" coveredstatements="4" conditionals="6" coveredconditionals="6" methods="2" coveredmethods="1"/>
        <line num="11" count="3" type="stmt"/>
        <line num="13" count="3" type="cond" truecount="4" falsecount="0"/>
        <line num="14" count="2" type="stmt"/>
        <line num="18" count="0" type="stmt"/>
        <line num="22" count="1" type="stmt"/>
      </file>
    </package>
    <package name="GreenThumb.components">
      <metrics statements="1" coveredstatements="1" conditionals="0" coveredconditionals="0" methods="1" coveredmethods="1"/>
      <file name="StyledText.js" path="/Users/jonqnelson/workspace/iter2/GreenThumb/components/StyledText.js">
        <metrics statements="1" coveredstatements="1" conditionals="0" coveredconditionals="0" methods="1" coveredmethods="1"/>
        <line num="5" count="1" type="stmt"/>
      </file>
    </package>
    <package name="GreenThumb.images">
      <metrics statements="1" coveredstatements="1" conditionals="0" coveredconditionals="0" methods="0" coveredmethods="0"/>
      <file name="green-tea.png" path="/Users/jonqnelson/workspace/iter2/GreenThumb/images/green-tea.png">
        <metrics statements="1" coveredstatements="1" conditionals="0" coveredconditionals="0" methods="0" coveredmethods="0"/>
        <line num="1" count="1" type="stmt"/>
      </file>
    </package>
    <package name="GreenThumb.screens">
      <metrics statements="12" coveredstatements="12" conditionals="2" coveredconditionals="2" methods="7" coveredmethods="5"/>
      <file name="SHomeScreen.js" path="/Users/jonqnelson/workspace/iter2/GreenThumb/screens/SHomeScreen.js">
        <metrics statements="4" coveredstatements="4" conditionals="2" coveredconditionals="2" methods="2" coveredmethods="2"/>
        <line num="27" count="1" type="stmt"/>
        <line num="34" count="1" type="stmt"/>
        <line num="37" count="1" type="stmt"/>
        <line num="44" count="3" type="stmt"/>
      </file>
      <file name="SLoginScreen.js" path="/Users/jonqnelson/workspace/iter2/GreenThumb/screens/SLoginScreen.js">
        <metrics statements="2" coveredstatements="2" conditionals="0" coveredconditionals="0" methods="3" coveredmethods="1"/>
        <line num="36" count="1" type="stmt"/>
        <line num="163" count="1" type="stmt"/>
      </file>
      <file name="SSettingsScreen.js" path="/Users/jonqnelson/workspace/iter2/GreenThumb/screens/SSettingsScreen.js">
        <metrics statements="3" coveredstatements="3" conditionals="0" coveredconditionals="0" methods="1" coveredmethods="1"/>
        <line num="6" count="1" type="stmt"/>
        <line num="13" count="2" type="stmt"/>
        <line num="21" count="1" type="stmt"/>
      </file>
      <file name="SSignUpScreen.js" path="/Users/jonqnelson/workspace/iter2/GreenThumb/screens/SSignUpScreen.js">
        <metrics statements="1" coveredstatements="1" conditionals="0" coveredconditionals="0" methods="0" coveredmethods="0"/>
        <line num="175" count="1" type="stmt"/>
      </file>
      <file name="SWelcomeScreen.js" path="/Users/jonqnelson/workspace/iter2/GreenThumb/screens/SWelcomeScreen.js">
        <metrics statements="2" coveredstatements="2" conditionals="0" coveredconditionals="0" methods="1" coveredmethods="1"/>
        <line num="26" count="1" type="stmt"/>
        <line num="96" count="1" type="stmt"/>
      </file>
    </package>
    <package name="GreenThumb.services">
      <metrics statements="8" coveredstatements="7" conditionals="0" coveredconditionals="0" methods="1" coveredmethods="1"/>
      <file name="Api.js" path="/Users/jonqnelson/workspace/iter2/GreenThumb/services/Api.js">
        <metrics statements="8" coveredstatements="7" conditionals="0" coveredconditionals="0" methods="1" coveredmethods="1"/>
        <line num="39" count="1" type="stmt"/>
        <line num="40" count="2" type="stmt"/>
        <line num="45" count="2" type="stmt"/>
        <line num="46" count="2" type="stmt"/>
        <line num="51" count="2" type="stmt"/>
        <line num="54" count="1" type="stmt"/>
        <line num="60" count="0" type="stmt"/>
        <line num="62" count="2" type="stmt"/>
      </file>
    </package>
  </project>
</coverage>
