{"/Users/jonqnelson/workspace/iter2/GreenThumb/App.js": {"path":"/Users/jonqnelson/workspace/iter2/GreenThumb/App.js","statementMap":{"0":{"start":{"line":11,"column":50},"end":{"line":11,"column":65}},"1":{"start":{"line":13,"column":2},"end":{"line":28,"column":3}},"2":{"start":{"line":14,"column":4},"end":{"line":20,"column":6}},"3":{"start":{"line":18,"column":24},"end":{"line":18,"column":63}},"4":{"start":{"line":22,"column":4},"end":{"line":27,"column":6}},"5":{"start":{"line":32,"column":2},"end":{"line":44,"column":5}},"6":{"start":{"line":50,"column":2},"end":{"line":50,"column":22}},"7":{"start":{"line":54,"column":2},"end":{"line":54,"column":27}},"8":{"start":{"line":57,"column":15},"end":{"line":62,"column":2}}},"fnMap":{"0":{"name":"App","decl":{"start":{"line":10,"column":24},"end":{"line":10,"column":27}},"loc":{"start":{"line":10,"column":35},"end":{"line":29,"column":1}},"line":10},"1":{"name":"(anonymous_1)","decl":{"start":{"line":18,"column":18},"end":{"line":18,"column":19}},"loc":{"start":{"line":18,"column":24},"end":{"line":18,"column":63}},"line":18},"2":{"name":"loadResourcesAsync","decl":{"start":{"line":31,"column":15},"end":{"line":31,"column":33}},"loc":{"start":{"line":31,"column":36},"end":{"line":45,"column":1}},"line":31},"3":{"name":"handleLoadingError","decl":{"start":{"line":47,"column":9},"end":{"line":47,"column":27}},"loc":{"start":{"line":47,"column":35},"end":{"line":51,"column":1}},"line":47},"4":{"name":"handleFinishLoading","decl":{"start":{"line":53,"column":9},"end":{"line":53,"column":28}},"loc":{"start":{"line":53,"column":49},"end":{"line":55,"column":1}},"line":53}},"branchMap":{"0":{"loc":{"start":{"line":13,"column":2},"end":{"line":28,"column":3}},"type":"if","locations":[{"start":{"line":13,"column":2},"end":{"line":28,"column":3}},{"start":{"line":13,"column":2},"end":{"line":28,"column":3}}],"line":13},"1":{"loc":{"start":{"line":13,"column":6},"end":{"line":13,"column":52}},"type":"binary-expr","locations":[{"start":{"line":13,"column":6},"end":{"line":13,"column":24}},{"start":{"line":13,"column":28},"end":{"line":13,"column":52}}],"line":13},"2":{"loc":{"start":{"line":24,"column":9},"end":{"line":24,"column":66}},"type":"binary-expr","locations":[{"start":{"line":24,"column":9},"end":{"line":24,"column":30}},{"start":{"line":24,"column":34},"end":{"line":24,"column":66}}],"line":24}},"s":{"0":3,"1":3,"2":2,"3":0,"4":1,"5":0,"6":0,"7":0,"8":1},"f":{"0":3,"1":0,"2":0,"3":0,"4":0},"b":{"0":[2,1],"1":[3,3],"2":[1,1]},"_coverageSchema":"43e27e138ebf9cfc5966b082cf9a028302ed4184","hash":"2930185f26a3135c57736da2923e7bbbd29bb362"}
,"/Users/jonqnelson/workspace/iter2/GreenThumb/components/StyledText.js": {"path":"/Users/jonqnelson/workspace/iter2/GreenThumb/components/StyledText.js","statementMap":{"0":{"start":{"line":5,"column":2},"end":{"line":7,"column":4}}},"fnMap":{"0":{"name":"MonoText","decl":{"start":{"line":4,"column":16},"end":{"line":4,"column":24}},"loc":{"start":{"line":4,"column":32},"end":{"line":8,"column":1}},"line":4}},"branchMap":{},"s":{"0":1},"f":{"0":1},"b":{},"_coverageSchema":"43e27e138ebf9cfc5966b082cf9a028302ed4184","hash":"4824f6fc6b9c21dc186c071d8f9b1e16bad93f12"}
,"/Users/jonqnelson/workspace/iter2/GreenThumb/screens/SLibraryScreen.js": {"path":"/Users/jonqnelson/workspace/iter2/GreenThumb/screens/SLibraryScreen.js","statementMap":{"0":{"start":{"line":6,"column":31},"end":{"line":10,"column":5}},"1":{"start":{"line":13,"column":8},"end":{"line":17,"column":10}},"2":{"start":{"line":22,"column":15},"end":{"line":30,"column":2}}},"fnMap":{"0":{"name":"(anonymous_0)","decl":{"start":{"line":12,"column":4},"end":{"line":12,"column":5}},"loc":{"start":{"line":12,"column":13},"end":{"line":18,"column":5}},"line":12}},"branchMap":{},"s":{"0":1,"1":1,"2":1},"f":{"0":1},"b":{},"_coverageSchema":"43e27e138ebf9cfc5966b082cf9a028302ed4184","hash":"59f502d5e52181c2977fdb32fc7d2923ce5a2ba9"}
,"/Users/jonqnelson/workspace/iter2/GreenThumb/services/Api.js": {"path":"/Users/jonqnelson/workspace/iter2/GreenThumb/services/Api.js","statementMap":{"0":{"start":{"line":3,"column":25},"end":{"line":23,"column":1}},"1":{"start":{"line":4,"column":13},"end":{"line":8,"column":3}},"2":{"start":{"line":9,"column":19},"end":{"line":9,"column":39}},"3":{"start":{"line":10,"column":16},"end":{"line":14,"column":3}},"4":{"start":{"line":15,"column":2},"end":{"line":22,"column":3}},"5":{"start":{"line":16,"column":16},"end":{"line":16,"column":153}},"6":{"start":{"line":17,"column":17},"end":{"line":17,"column":33}},"7":{"start":{"line":18,"column":4},"end":{"line":18,"column":21}},"8":{"start":{"line":19,"column":4},"end":{"line":19,"column":16}},"9":{"start":{"line":21,"column":4},"end":{"line":21,"column":16}},"10":{"start":{"line":25,"column":22},"end":{"line":44,"column":1}},"11":{"start":{"line":26,"column":13},"end":{"line":30,"column":3}},"12":{"start":{"line":31,"column":19},"end":{"line":31,"column":39}},"13":{"start":{"line":32,"column":16},"end":{"line":36,"column":3}},"14":{"start":{"line":37,"column":2},"end":{"line":43,"column":3}},"15":{"start":{"line":38,"column":16},"end":{"line":38,"column":141}},"16":{"start":{"line":39,"column":17},"end":{"line":39,"column":33}},"17":{"start":{"line":40,"column":4},"end":{"line":40,"column":16}},"18":{"start":{"line":42,"column":4},"end":{"line":42,"column":16}},"19":{"start":{"line":46,"column":28},"end":{"line":54,"column":1}},"20":{"start":{"line":47,"column":2},"end":{"line":53,"column":3}},"21":{"start":{"line":48,"column":16},"end":{"line":48,"column":76}},"22":{"start":{"line":49,"column":17},"end":{"line":49,"column":33}},"23":{"start":{"line":50,"column":4},"end":{"line":50,"column":16}},"24":{"start":{"line":52,"column":4},"end":{"line":52,"column":16}}},"fnMap":{"0":{"name":"(anonymous_0)","decl":{"start":{"line":3,"column":25},"end":{"line":3,"column":26}},"loc":{"start":{"line":3,"column":88},"end":{"line":23,"column":1}},"line":3},"1":{"name":"(anonymous_1)","decl":{"start":{"line":25,"column":22},"end":{"line":25,"column":23}},"loc":{"start":{"line":25,"column":85},"end":{"line":44,"column":1}},"line":25},"2":{"name":"(anonymous_2)","decl":{"start":{"line":46,"column":28},"end":{"line":46,"column":29}},"loc":{"start":{"line":46,"column":57},"end":{"line":54,"column":1}},"line":46}},"branchMap":{},"s":{"0":1,"1":3,"2":3,"3":3,"4":3,"5":3,"6":1,"7":0,"8":0,"9":3,"10":1,"11":2,"12":2,"13":2,"14":2,"15":2,"16":1,"17":0,"18":2,"19":1,"20":3,"21":3,"22":1,"23":0,"24":3},"f":{"0":3,"1":2,"2":3},"b":{},"_coverageSchema":"43e27e138ebf9cfc5966b082cf9a028302ed4184","hash":"22e5495db05c2fc9d265ba1edc242a48ebc18143"}
}
