TN:
SF:/Users/jonqnelson/workspace/iter2/GreenThumb/App.js
FN:10,App
FN:18,(anonymous_1)
FN:31,loadResourcesAsync
FN:47,handleLoadingError
FN:53,handleFinishLoading
FNF:5
FNH:1
FNDA:3,App
FNDA:0,(anonymous_1)
FNDA:0,loadResourcesAsync
FNDA:0,handleLoadingError
FNDA:0,handleFinishLoading
DA:11,3
DA:13,3
DA:14,2
DA:18,0
DA:22,1
DA:32,0
DA:50,0
DA:54,0
DA:57,1
LF:9
LH:5
BRDA:13,0,0,2
BRDA:13,0,1,1
BRDA:13,1,0,3
BRDA:13,1,1,3
BRDA:24,2,0,1
BRDA:24,2,1,1
BRF:6
BRH:6
end_of_record
TN:
SF:/Users/jonqnelson/workspace/iter2/GreenThumb/components/StyledText.js
FN:4,MonoText
FNF:1
FNH:1
FNDA:1,MonoText
DA:5,1
LF:1
LH:1
BRF:0
BRH:0
end_of_record
TN:
SF:/Users/jonqnelson/workspace/iter2/GreenThumb/images/green-tea.png
FNF:0
FNH:0
DA:1,1
LF:1
LH:1
BRF:0
BRH:0
end_of_record
TN:
SF:/Users/jonqnelson/workspace/iter2/GreenThumb/screens/MyGardenPlants.js
FN:27,(anonymous_0)
FN:31,(anonymous_1)
FN:39,(anonymous_2)
FN:58,(anonymous_3)
FN:67,(anonymous_4)
FN:73,(anonymous_5)
FN:91,(anonymous_6)
FN:97,(anonymous_7)
FN:101,(anonymous_8)
FNF:9
FNH:0
FNDA:0,(anonymous_0)
FNDA:0,(anonymous_1)
FNDA:0,(anonymous_2)
FNDA:0,(anonymous_3)
FNDA:0,(anonymous_4)
FNDA:0,(anonymous_5)
FNDA:0,(anonymous_6)
FNDA:0,(anonymous_7)
FNDA:0,(anonymous_8)
DA:22,0
DA:28,0
DA:32,0
DA:40,0
DA:41,0
DA:42,0
DA:44,0
DA:45,0
DA:46,0
DA:59,0
DA:67,0
DA:68,0
DA:69,0
DA:71,0
DA:73,0
DA:91,0
DA:92,0
DA:97,0
DA:98,0
DA:101,0
DA:102,0
DA:103,0
DA:110,1
DA:139,1
LF:24
LH:2
BRDA:34,0,0,0
BRDA:34,0,1,0
BRDA:40,1,0,0
BRDA:40,1,1,0
BRDA:40,2,0,0
BRDA:40,2,1,0
BRDA:68,3,0,0
BRDA:68,3,1,0
BRDA:69,4,0,0
BRDA:69,4,1,0
BRDA:104,5,0,0
BRDA:104,5,1,0
BRF:12
BRH:0
end_of_record
TN:
SF:/Users/jonqnelson/workspace/iter2/GreenThumb/screens/SHomeScreen.js
FN:13,(anonymous_0)
FNF:1
FNH:0
FNDA:0,(anonymous_0)
DA:7,1
DA:14,0
DA:22,1
LF:3
LH:2
BRF:0
BRH:0
end_of_record
TN:
SF:/Users/jonqnelson/workspace/iter2/GreenThumb/screens/SLibraryScreen.js
FN:12,(anonymous_0)
FNF:1
FNH:1
FNDA:1,(anonymous_0)
DA:6,1
DA:13,1
DA:22,1
LF:3
LH:3
BRF:0
BRH:0
end_of_record
TN:
SF:/Users/jonqnelson/workspace/iter2/GreenThumb/screens/SSettingsScreen.js
FN:12,(anonymous_0)
FNF:1
FNH:0
FNDA:0,(anonymous_0)
DA:6,1
DA:13,0
DA:21,1
LF:3
LH:2
BRF:0
BRH:0
end_of_record
TN:
SF:/Users/jonqnelson/workspace/iter2/GreenThumb/screens/SSignUpScreen.js
FN:37,(anonymous_0)
FN:40,(anonymous_1)
FN:43,(anonymous_2)
FN:54,(anonymous_3)
FN:60,(anonymous_4)
FN:67,(anonymous_5)
FN:82,(anonymous_6)
FN:89,(anonymous_7)
FN:95,(anonymous_8)
FN:101,(anonymous_9)
FN:107,(anonymous_10)
FN:120,(anonymous_11)
FNF:12
FNH:2
FNDA:1,(anonymous_0)
FNDA:0,(anonymous_1)
FNDA:1,(anonymous_2)
FNDA:0,(anonymous_3)
FNDA:0,(anonymous_4)
FNDA:0,(anonymous_5)
FNDA:0,(anonymous_6)
FNDA:0,(anonymous_7)
FNDA:0,(anonymous_8)
FNDA:0,(anonymous_9)
FNDA:0,(anonymous_10)
FNDA:0,(anonymous_11)
DA:25,1
DA:31,1
DA:44,1
DA:54,0
DA:60,0
DA:67,0
DA:82,1
DA:83,0
DA:89,1
DA:90,0
DA:95,1
DA:96,0
DA:101,1
DA:102,0
DA:103,0
DA:107,0
DA:111,0
DA:114,0
DA:115,0
DA:116,0
DA:120,0
DA:124,0
DA:126,0
DA:131,1
DA:168,1
LF:25
LH:9
BRDA:102,0,0,0
BRDA:102,0,1,0
BRDA:102,1,0,0
BRDA:102,1,1,0
BRDA:102,1,2,0
BRDA:115,2,0,0
BRDA:115,2,1,0
BRDA:115,3,0,0
BRDA:115,3,1,0
BRDA:118,4,0,0
BRDA:118,4,1,0
BRDA:118,4,2,0
BRDA:118,4,3,0
BRF:13
BRH:0
end_of_record
TN:
SF:/Users/jonqnelson/workspace/iter2/GreenThumb/services/Api.js
FN:3,(anonymous_0)
FN:25,(anonymous_1)
FN:47,(anonymous_2)
FNF:3
FNH:3
FNDA:3,(anonymous_0)
FNDA:2,(anonymous_1)
FNDA:3,(anonymous_2)
DA:3,1
DA:4,3
DA:9,3
DA:10,3
DA:15,3
DA:16,3
DA:17,1
DA:18,0
DA:19,0
DA:21,3
DA:25,1
DA:26,2
DA:31,2
DA:32,2
DA:37,2
DA:38,2
DA:39,1
DA:40,0
DA:42,2
DA:43,2
DA:47,1
DA:48,3
DA:49,3
DA:50,1
DA:51,0
DA:53,3
DA:54,3
LF:27
LH:23
BRF:0
BRH:0
end_of_record
