TN:
SF:/Users/jonqnelson/workspace/iter2/GreenThumb/App.js
FN:10,App
FN:18,(anonymous_1)
FN:31,loadResourcesAsync
FN:47,handleLoadingError
FN:53,handleFinishLoading
FNF:5
FNH:1
FNDA:3,App
FNDA:0,(anonymous_1)
FNDA:0,loadResourcesAsync
FNDA:0,handleLoadingError
FNDA:0,handleFinishLoading
DA:11,3
DA:13,3
DA:14,2
DA:18,0
DA:22,1
DA:32,0
DA:50,0
DA:54,0
DA:57,1
LF:9
LH:5
BRDA:13,0,0,2
BRDA:13,0,1,1
BRDA:13,1,0,3
BRDA:13,1,1,3
BRDA:24,2,0,1
BRDA:24,2,1,1
BRF:6
BRH:6
end_of_record
TN:
SF:/Users/jonqnelson/workspace/iter2/GreenThumb/components/StyledText.js
FN:4,MonoText
FNF:1
FNH:1
FNDA:1,MonoText
DA:5,1
LF:1
LH:1
BRF:0
BRH:0
end_of_record
TN:
SF:/Users/jonqnelson/workspace/iter2/GreenThumb/screens/MyGardenPlants.js
FN:27,(anonymous_0)
FN:31,(anonymous_1)
FN:39,(anonymous_2)
FN:60,(anonymous_3)
FN:69,(anonymous_4)
FN:75,(anonymous_5)
FN:93,(anonymous_6)
FN:99,(anonymous_7)
FN:103,(anonymous_8)
FNF:9
FNH:0
FNDA:0,(anonymous_0)
FNDA:0,(anonymous_1)
FNDA:0,(anonymous_2)
FNDA:0,(anonymous_3)
FNDA:0,(anonymous_4)
FNDA:0,(anonymous_5)
FNDA:0,(anonymous_6)
FNDA:0,(anonymous_7)
FNDA:0,(anonymous_8)
DA:22,0
DA:28,0
DA:32,0
DA:40,0
DA:41,0
DA:42,0
DA:44,0
DA:45,0
DA:47,0
DA:48,0
DA:61,0
DA:69,0
DA:70,0
DA:71,0
DA:73,0
DA:75,0
DA:93,0
DA:94,0
DA:99,0
DA:100,0
DA:103,0
DA:104,0
DA:105,0
DA:112,1
DA:141,1
LF:25
LH:2
BRDA:34,0,0,0
BRDA:34,0,1,0
BRDA:40,1,0,0
BRDA:40,1,1,0
BRDA:40,2,0,0
BRDA:40,2,1,0
BRDA:70,3,0,0
BRDA:70,3,1,0
BRDA:71,4,0,0
BRDA:71,4,1,0
BRDA:106,5,0,0
BRDA:106,5,1,0
BRF:12
BRH:0
end_of_record
TN:
SF:/Users/jonqnelson/workspace/iter2/GreenThumb/screens/SLibraryScreen.js
FN:13,(anonymous_0)
FNF:1
FNH:1
FNDA:1,(anonymous_0)
DA:7,1
DA:14,1
DA:23,1
LF:3
LH:3
BRF:0
BRH:0
end_of_record
TN:
SF:/Users/jonqnelson/workspace/iter2/GreenThumb/services/Api.js
FN:3,(anonymous_0)
FN:25,(anonymous_1)
FN:46,(anonymous_2)
FNF:3
FNH:3
FNDA:3,(anonymous_0)
FNDA:2,(anonymous_1)
FNDA:3,(anonymous_2)
DA:3,1
DA:4,3
DA:9,3
DA:10,3
DA:15,3
DA:16,3
DA:17,1
DA:18,0
DA:19,0
DA:21,3
DA:25,1
DA:26,2
DA:31,2
DA:32,2
DA:37,2
DA:38,2
DA:39,1
DA:40,0
DA:42,2
DA:46,1
DA:47,3
DA:48,3
DA:49,1
DA:50,0
DA:52,3
LF:25
LH:21
BRF:0
BRH:0
end_of_record
